Arguments: 
  C:\Program Files\nodejs\node.exe C:\Users\hutool\AppData\Roaming\npm\node_modules\yarn\bin\yarn.js

PATH: 
  C:\WINDOWS\system32;C:\WINDOWS;C:\WINDOWS\System32\Wbem;C:\WINDOWS\System32\WindowsPowerShell\v1.0\;C:\WINDOWS\System32\OpenSSH\;C:\Program Files\Microsoft VS Code\bin;C:\Program Files\Git\cmd;C:\Program Files\Go\bin;C:\TDM-GCC-64\bin;C:\flutter\bin;C:\Program Files\ojdkbuild\java-1.8.0-openjdk-1.8.0.292-1\bin;C:\Program Files\ojdkbuild\java-1.8.0-openjdk-1.8.0.292-1\jre\bin;C:\Program Files\nodejs\;C:\Users\hutool\AppData\Local\Microsoft\WindowsApps;C:\Program Files\Bandizip\;C:\Users\hutool\go\bin;C:\Users\hutool\AppData\Roaming\npm

Yarn version: 
  1.22.17

Node version: 
  16.13.0

Platform: 
  win32 x64

Trace: 
  Error: ENOSPC: no space left on device, copyfile 'C:\Users\hutool\AppData\Local\Yarn\Cache\v6\npm-csstype-2.6.19-feeb5aae89020bb389e1f63669a5ed490e391caa-integrity\node_modules\csstype\index.d.ts' -> 'S:\git\vite-project\node_modules\csstype\index.d.ts'

npm manifest: 
  {
    "name": "vite-project",
    "version": "0.0.0",
    "scripts": {
      "dev": "vite",
      "build": "vite build",
      "serve": "vite preview"
    },
    "dependencies": {
      "vue": "^3.2.16"
    },
    "devDependencies": {
      "@vitejs/plugin-vue": "^1.9.3",
      "vite": "^2.6.4"
    }
  }

yarn manifest: 
  No manifest

Lockfile: 
  No lockfile
